<?xml version="1.0" encoding="UTF-8"?>
<!-- Generated by org.testng.reporters.JUnitReportReporter -->
<testsuite hostname="HP" failures="0" tests="4" name="com.baseclass.Sample" time="7.725" errors="0" timestamp="23 Jun 2022 07:44:09 GMT" skipped="0">
  <testcase classname="com.baseclass.Sample" name="createUser" time="5.892"/>
  <testcase classname="com.baseclass.Sample" name="getUser" time="0.595"/>
  <testcase classname="com.baseclass.Sample" name="updateUser" time="0.658"/>
  <testcase classname="com.baseclass.Sample" name="deleteUser" time="0.580"/>
</testsuite> <!-- com.baseclass.Sample -->
